# JRE version: OpenJDK Runtime Environment (8.0_202-b03) (build 1.8.0_202-release-1483-b03)
# Java VM: OpenJDK 64-Bit Server VM (25.202-b03 mixed mode windows-amd64 compressed oops)
Heap:
 PSYoungGen      total 173056K, used 61301K [0x00000000e0000000, 0x00000000ecf80000, 0x0000000100000000)
  eden space 144896K, 34% used [0x00000000e0000000,0x00000000e304f840,0x00000000e8d80000)
  from space 28160K, 42% used [0x00000000eb400000,0x00000000ebf8dc70,0x00000000ecf80000)
  to   space 33792K, 0% used [0x00000000e8d80000,0x00000000e8d80000,0x00000000eae80000)
 ParOldGen       total 148480K, used 78570K [0x00000000a0000000, 0x00000000a9100000, 0x00000000e0000000)
  object space 148480K, 52% used [0x00000000a0000000,0x00000000a4cbaa58,0x00000000a9100000)
 Metaspace       used 77667K, capacity 82332K, committed 82648K, reserved 1120256K
  class space    used 10241K, capacity 11157K, committed 11264K, reserved 1048576K
GC Heap History (10 events):
Event: 4548.477 GC heap before
{Heap before GC invocations=21 (full 3):
 PSYoungGen      total 185856K, used 185527K [0x00000000e0000000, 0x00000000ef280000, 0x0000000100000000)
  eden space 167424K, 100% used [0x00000000e0000000,0x00000000ea380000,0x00000000ea380000)
  from space 18432K, 98% used [0x00000000eab00000,0x00000000ebcadc80,0x00000000ebd00000)
  to   space 37888K, 0% used [0x00000000ecd80000,0x00000000ecd80000,0x00000000ef280000)
 ParOldGen       total 148480K, used 78530K [0x00000000a0000000, 0x00000000a9100000, 0x00000000e0000000)
  object space 148480K, 52% used [0x00000000a0000000,0x00000000a4cb0a58,0x00000000a9100000)
 Metaspace       used 76307K, capacity 80290K, committed 80600K, reserved 1118208K
  class space    used 10125K, capacity 10948K, committed 11008K, reserved 1048576K
Event: 4548.588 GC heap after
Heap after GC invocations=21 (full 3):
 PSYoungGen      total 189952K, used 2016K [0x00000000e0000000, 0x00000000ee880000, 0x0000000100000000)
  eden space 162304K, 0% used [0x00000000e0000000,0x00000000e0000000,0x00000000e9e80000)
  from space 27648K, 7% used [0x00000000ecd80000,0x00000000ecf78010,0x00000000ee880000)
  to   space 37888K, 0% used [0x00000000e9e80000,0x00000000e9e80000,0x00000000ec380000)
 ParOldGen       total 148480K, used 78538K [0x00000000a0000000, 0x00000000a9100000, 0x00000000e0000000)
  object space 148480K, 52% used [0x00000000a0000000,0x00000000a4cb2a58,0x00000000a9100000)
 Metaspace       used 76307K, capacity 80290K, committed 80600K, reserved 1118208K
  class space    used 10125K, capacity 10948K, committed 11008K, reserved 1048576K
}
Event: 4564.729 GC heap before
{Heap before GC invocations=22 (full 3):
 PSYoungGen      total 189952K, used 164320K [0x00000000e0000000, 0x00000000ee880000, 0x0000000100000000)
  eden space 162304K, 100% used [0x00000000e0000000,0x00000000e9e80000,0x00000000e9e80000)
  from space 27648K, 7% used [0x00000000ecd80000,0x00000000ecf78010,0x00000000ee880000)
  to   space 37888K, 0% used [0x00000000e9e80000,0x00000000e9e80000,0x00000000ec380000)
 ParOldGen       total 148480K, used 78538K [0x00000000a0000000, 0x00000000a9100000, 0x00000000e0000000)
  object space 148480K, 52% used [0x00000000a0000000,0x00000000a4cb2a58,0x00000000a9100000)
 Metaspace       used 76811K, capacity 81108K, committed 81240K, reserved 1120256K
  class space    used 10171K, capacity 11031K, committed 11136K, reserved 1048576K
Event: 4564.748 GC heap after
Heap after GC invocations=22 (full 3):
 PSYoungGen      total 176128K, used 18199K [0x00000000e0000000, 0x00000000ee300000, 0x0000000100000000)
  eden space 157696K, 0% used [0x00000000e0000000,0x00000000e0000000,0x00000000e9a00000)
  from space 18432K, 98% used [0x00000000e9e80000,0x00000000eb045c80,0x00000000eb080000)
  to   space 37376K, 0% used [0x00000000ebe80000,0x00000000ebe80000,0x00000000ee300000)
 ParOldGen       total 148480K, used 78546K [0x00000000a0000000, 0x00000000a9100000, 0x00000000e0000000)
  object space 148480K, 52% used [0x00000000a0000000,0x00000000a4cb4a58,0x00000000a9100000)
 Metaspace       used 76811K, capacity 81108K, committed 81240K, reserved 1120256K
  class space    used 10171K, capacity 11031K, committed 11136K, reserved 1048576K
}
Event: 4566.762 GC heap before
{Heap before GC invocations=23 (full 3):
 PSYoungGen      total 176128K, used 175895K [0x00000000e0000000, 0x00000000ee300000, 0x0000000100000000)
  eden space 157696K, 100% used [0x00000000e0000000,0x00000000e9a00000,0x00000000e9a00000)
  from space 18432K, 98% used [0x00000000e9e80000,0x00000000eb045c80,0x00000000eb080000)
  to   space 37376K, 0% used [0x00000000ebe80000,0x00000000ebe80000,0x00000000ee300000)
 ParOldGen       total 148480K, used 78546K [0x00000000a0000000, 0x00000000a9100000, 0x00000000e0000000)
  object space 148480K, 52% used [0x00000000a0000000,0x00000000a4cb4a58,0x00000000a9100000)
 Metaspace       used 76917K, capacity 81304K, committed 81496K, reserved 1120256K
  class space    used 10183K, capacity 11053K, committed 11136K, reserved 1048576K
Event: 4566.782 GC heap after
Heap after GC invocations=23 (full 3):
 PSYoungGen      total 183808K, used 17879K [0x00000000e0000000, 0x00000000edc80000, 0x0000000100000000)
  eden space 153088K, 0% used [0x00000000e0000000,0x00000000e0000000,0x00000000e9580000)
  from space 30720K, 58% used [0x00000000ebe80000,0x00000000ecff5ca0,0x00000000edc80000)
  to   space 36352K, 0% used [0x00000000e9580000,0x00000000e9580000,0x00000000eb900000)
 ParOldGen       total 148480K, used 78554K [0x00000000a0000000, 0x00000000a9100000, 0x00000000e0000000)
  object space 148480K, 52% used [0x00000000a0000000,0x00000000a4cb6a58,0x00000000a9100000)
 Metaspace       used 76917K, capacity 81304K, committed 81496K, reserved 1120256K
  class space    used 10183K, capacity 11053K, committed 11136K, reserved 1048576K
}
Event: 4674.490 GC heap before
{Heap before GC invocations=24 (full 3):
 PSYoungGen      total 183808K, used 170967K [0x00000000e0000000, 0x00000000edc80000, 0x0000000100000000)
  eden space 153088K, 100% used [0x00000000e0000000,0x00000000e9580000,0x00000000e9580000)
  from space 30720K, 58% used [0x00000000ebe80000,0x00000000ecff5ca0,0x00000000edc80000)
  to   space 36352K, 0% used [0x00000000e9580000,0x00000000e9580000,0x00000000eb900000)
 ParOldGen       total 148480K, used 78554K [0x00000000a0000000, 0x00000000a9100000, 0x00000000e0000000)
  object space 148480K, 52% used [0x00000000a0000000,0x00000000a4cb6a58,0x00000000a9100000)
 Metaspace       used 77320K, capacity 81918K, committed 82008K, reserved 1120256K
  class space    used 10216K, capacity 11112K, committed 11136K, reserved 1048576K
Event: 4674.505 GC heap after
Heap after GC invocations=24 (full 3):
 PSYoungGen      total 167424K, used 18167K [0x00000000e0000000, 0x00000000ed680000, 0x0000000100000000)
  eden space 148992K, 0% used [0x00000000e0000000,0x00000000e0000000,0x00000000e9180000)
  from space 18432K, 98% used [0x00000000e9580000,0x00000000ea73dc80,0x00000000ea780000)
  to   space 35328K, 0% used [0x00000000eb400000,0x00000000eb400000,0x00000000ed680000)
 ParOldGen       total 148480K, used 78562K [0x00000000a0000000, 0x00000000a9100000, 0x00000000e0000000)
  object space 148480K, 52% used [0x00000000a0000000,0x00000000a4cb8a58,0x00000000a9100000)
 Metaspace       used 77320K, capacity 81918K, committed 82008K, reserved 1120256K
  class space    used 10216K, capacity 11112K, committed 11136K, reserved 1048576K
}
Event: 7492.265 GC heap before
{Heap before GC invocations=25 (full 3):
 PSYoungGen      total 167424K, used 167159K [0x00000000e0000000, 0x00000000ed680000, 0x0000000100000000)
  eden space 148992K, 100% used [0x00000000e0000000,0x00000000e9180000,0x00000000e9180000)
  from space 18432K, 98% used [0x00000000e9580000,0x00000000ea73dc80,0x00000000ea780000)
  to   space 35328K, 0% used [0x00000000eb400000,0x00000000eb400000,0x00000000ed680000)
 ParOldGen       total 148480K, used 78562K [0x00000000a0000000, 0x00000000a9100000, 0x00000000e0000000)
  object space 148480K, 52% used [0x00000000a0000000,0x00000000a4cb8a58,0x00000000a9100000)
 Metaspace       used 77620K, capacity 82322K, committed 82648K, reserved 1120256K
  class space    used 10240K, capacity 11156K, committed 11264K, reserved 1048576K
Event: 7492.613 GC heap after
Heap after GC invocations=25 (full 3):
 PSYoungGen      total 173056K, used 11831K [0x00000000e0000000, 0x00000000ecf80000, 0x0000000100000000)
  eden space 144896K, 0% used [0x00000000e0000000,0x00000000e0000000,0x00000000e8d80000)
  from space 28160K, 42% used [0x00000000eb400000,0x00000000ebf8dc70,0x00000000ecf80000)
  to   space 33792K, 0% used [0x00000000e8d80000,0x00000000e8d80000,0x00000000eae80000)
 ParOldGen       total 148480K, used 78570K [0x00000000a0000000, 0x00000000a9100000, 0x00000000e0000000)
  object space 148480K, 52% used [0x00000000a0000000,0x00000000a4cbaa58,0x00000000a9100000)
 Metaspace       used 77620K, capacity 82322K, committed 82648K, reserved 1120256K
  class space    used 10240K, capacity 11156K, committed 11264K, reserved 1048576K
}

